<?xml version="1.0" encoding="UTF-8"?>
<testng-results ignored="0" total="2" passed="2" failed="0" skipped="0">
  <reporter-output>
  </reporter-output>
  <suite started-at="2023-07-21T13:25:31 IST" name="DEF_project" finished-at="2023-07-21T13:26:57 IST" duration-ms="85859">
    <groups>
    </groups>
    <test started-at="2023-07-21T13:25:31 IST" name="chromeTest" finished-at="2023-07-21T13:26:57 IST" duration-ms="85859">
      <class name="amazon.testcases.AmazonTest">
        <test-method is-config="true" signature="setup()[pri:0, instance:amazon.testcases.AmazonTest@16a0ee18]" started-at="2023-07-21T13:25:29 IST" name="setup" finished-at="2023-07-21T13:25:31 IST" duration-ms="2696" status="PASS">
          <reporter-output>
          </reporter-output>
        </test-method> <!-- setup -->
        <test-method is-config="true" signature="startTest(java.lang.reflect.Method)[pri:0, instance:amazon.testcases.AmazonTest@16a0ee18]" started-at="2023-07-21T13:25:31 IST" name="startTest" finished-at="2023-07-21T13:25:31 IST" duration-ms="3" status="PASS">
          <params>
            <param index="0">
              <value>
                <![CDATA[public void amazon.testcases.AmazonTest.login() throws java.lang.Exception]]>
              </value>
            </param>
          </params>
          <reporter-output>
          </reporter-output>
        </test-method> <!-- startTest -->
        <test-method signature="login()[pri:0, instance:amazon.testcases.AmazonTest@16a0ee18]" started-at="2023-07-21T13:25:31 IST" name="login" finished-at="2023-07-21T13:26:55 IST" duration-ms="83392" status="PASS">
          <reporter-output>
          </reporter-output>
        </test-method> <!-- login -->
        <test-method is-config="true" signature="status(org.testng.ITestResult)[pri:0, instance:amazon.testcases.AmazonTest@16a0ee18]" started-at="2023-07-21T13:26:55 IST" name="status" finished-at="2023-07-21T13:26:55 IST" duration-ms="475" status="PASS">
          <params>
            <param index="0">
              <value>
                <![CDATA[[TestResult name=login status=SUCCESS method=AmazonTest.login()[pri:0, instance:amazon.testcases.AmazonTest@16a0ee18] output={null}]]]>
              </value>
            </param>
          </params>
          <reporter-output>
          </reporter-output>
        </test-method> <!-- status -->
        <test-method is-config="true" signature="startTest(java.lang.reflect.Method)[pri:0, instance:amazon.testcases.AmazonTest@16a0ee18]" started-at="2023-07-21T13:26:55 IST" name="startTest" finished-at="2023-07-21T13:26:55 IST" duration-ms="8" status="PASS">
          <params>
            <param index="0">
              <value>
                <![CDATA[public void amazon.testcases.AmazonTest.region_change() throws java.lang.Exception]]>
              </value>
            </param>
          </params>
          <reporter-output>
          </reporter-output>
        </test-method> <!-- startTest -->
        <test-method signature="region_change()[pri:1, instance:amazon.testcases.AmazonTest@16a0ee18]" started-at="2023-07-21T13:26:55 IST" name="region_change" finished-at="2023-07-21T13:26:57 IST" duration-ms="1883" status="PASS">
          <reporter-output>
          </reporter-output>
        </test-method> <!-- region_change -->
        <test-method is-config="true" signature="status(org.testng.ITestResult)[pri:0, instance:amazon.testcases.AmazonTest@16a0ee18]" started-at="2023-07-21T13:26:57 IST" name="status" finished-at="2023-07-21T13:26:57 IST" duration-ms="72" status="PASS">
          <params>
            <param index="0">
              <value>
                <![CDATA[[TestResult name=region_change status=SUCCESS method=AmazonTest.region_change()[pri:1, instance:amazon.testcases.AmazonTest@16a0ee18] output={null}]]]>
              </value>
            </param>
          </params>
          <reporter-output>
          </reporter-output>
        </test-method> <!-- status -->
        <test-method is-config="true" signature="closeURL()[pri:0, instance:amazon.testcases.AmazonTest@16a0ee18]" started-at="2023-07-21T13:26:57 IST" name="closeURL" finished-at="2023-07-21T13:26:58 IST" duration-ms="371" status="PASS">
          <reporter-output>
          </reporter-output>
        </test-method> <!-- closeURL -->
      </class> <!-- amazon.testcases.AmazonTest -->
    </test> <!-- chromeTest -->
  </suite> <!-- DEF_project -->
</testng-results>
